<?xml version="1.0" encoding="UTF-8"?>
<!-- Generated by org.testng.reporters.JUnitReportReporter -->
<testsuite hostname="DESKTOP-NFJ0132" name="com.org.learningMaven.testngClass" tests="1" failures="0" timestamp="15 Oct 2019 04:27:53 GMT" time="0.022" errors="0">
  <testcase name="testTestNG" time="0.022" classname="com.org.learningMaven.testngClass"/>
</testsuite> <!-- com.org.learningMaven.testngClass -->
